Listing...
apache2-bin/oldstable,oldstable 2.4.25-3+deb9u9 amd64 [upgradable from: 2.4.25-3+deb9u7]
apt/oldstable 1.4.11 amd64 [upgradable from: 1.4.9]
apt-transport-https/oldstable 1.4.11 amd64 [upgradable from: 1.4.9]
apt-utils/oldstable 1.4.11 amd64 [upgradable from: 1.4.9]
atril/oldstable 1.16.1-2+deb9u2 amd64 [upgradable from: 1.16.1-2+deb9u1]
atril-common/oldstable,oldstable 1.16.1-2+deb9u2 all [upgradable from: 1.16.1-2+deb9u1]
autopoint/oldstable,oldstable 0.19.8.1-2+deb9u1 all [upgradable from: 0.19.8.1-2]
base-files/oldstable 9.9+deb9u13 amd64 [upgradable from: 9.9+deb9u9]
bind9-host/oldstable 1:9.10.3.dfsg.P4-12.3+deb9u8 amd64 [upgradable from: 1:9.10.3.dfsg.P4-12.3+deb9u5]
blueman/oldstable 2.0.4-1+deb9u1 amd64 [upgradable from: 2.0.4-1]
bluez/oldstable 5.43-2+deb9u3 amd64 [upgradable from: 5.43-2+deb9u1]
bluez-obexd/oldstable 5.43-2+deb9u3 amd64 [upgradable from: 5.43-2+deb9u1]
bsdtar/oldstable,oldstable,oldstable,oldstable 3.2.2-2+deb9u2 all [upgradable from: 3.2.2-2+deb9u1]
busybox/oldstable 1:1.22.0-19+deb9u2 amd64 [upgradable from: 1:1.22.0-19+b3]
ca-certificates/oldstable,oldstable 20200601~deb9u2 all [upgradable from: 20161130+nmu1+deb9u1]
curl/oldstable 7.52.1-5+deb9u13 amd64 [upgradable from: 7.52.1-5+deb9u9]
dbus/oldstable 1.10.32-0+deb9u1 amd64 [upgradable from: 1.10.28-0+deb9u1]
dbus-user-session/oldstable,oldstable 1.10.32-0+deb9u1 all [upgradable from: 1.10.28-0+deb9u1]
dbus-x11/oldstable 1.10.32-0+deb9u1 amd64 [upgradable from: 1.10.28-0+deb9u1]
debian-archive-keyring/oldstable,oldstable 2017.5+deb9u1 all [upgradable from: 2017.5]
e2fslibs/oldstable 1.43.4-2+deb9u2 amd64 [upgradable from: 1.43.4-2]
e2fsprogs/oldstable 1.43.4-2+deb9u2 amd64 [upgradable from: 1.43.4-2]
exim4-base/oldstable,oldstable 4.89-2+deb9u7 amd64 [upgradable from: 4.89-2+deb9u4]
exim4-config/oldstable,oldstable,oldstable,oldstable 4.89-2+deb9u7 all [upgradable from: 4.89-2+deb9u4]
exim4-daemon-light/oldstable,oldstable 4.89-2+deb9u7 amd64 [upgradable from: 4.89-2+deb9u4]
file/oldstable,oldstable 1:5.30-1+deb9u3 amd64 [upgradable from: 1:5.30-1+deb9u2]
gdisk/oldstable 1.0.1-1+deb9u1 amd64 [upgradable from: 1.0.1-1]
gettext/oldstable 0.19.8.1-2+deb9u1 amd64 [upgradable from: 0.19.8.1-2]
gettext-base/oldstable 0.19.8.1-2+deb9u1 amd64 [upgradable from: 0.19.8.1-2]
ghostscript/oldstable 9.26a~dfsg-0+deb9u7 amd64 [upgradable from: 9.26a~dfsg-0+deb9u3]
ghostscript-x/oldstable 9.26a~dfsg-0+deb9u7 amd64 [upgradable from: 9.26a~dfsg-0+deb9u3]
git/oldstable,oldstable 1:2.11.0-3+deb9u7 amd64 [upgradable from: 1:2.11.0-3+deb9u4]
git-man/oldstable,oldstable,oldstable,oldstable 1:2.11.0-3+deb9u7 all [upgradable from: 1:2.11.0-3+deb9u4]
glib-networking/oldstable 2.50.0-1+deb9u1 amd64 [upgradable from: 2.50.0-1+b1]
glib-networking-common/oldstable,oldstable 2.50.0-1+deb9u1 all [upgradable from: 2.50.0-1]
glib-networking-services/oldstable 2.50.0-1+deb9u1 amd64 [upgradable from: 2.50.0-1+b1]
gstreamer1.0-plugins-base/oldstable 1.10.4-1+deb9u2 amd64 [upgradable from: 1.10.4-1+deb9u1]
gstreamer1.0-plugins-good/oldstable 1.10.4-1+deb9u1 amd64 [upgradable from: 1.10.4-1]
gstreamer1.0-pulseaudio/oldstable 1.10.4-1+deb9u1 amd64 [upgradable from: 1.10.4-1]
gstreamer1.0-x/oldstable 1.10.4-1+deb9u2 amd64 [upgradable from: 1.10.4-1+deb9u1]
icu-devtools/oldstable,oldstable 57.1-6+deb9u4 amd64 [upgradable from: 57.1-6+deb9u2]
imagemagick/oldstable 8:6.9.7.4+dfsg-11+deb9u12 amd64 [upgradable from: 8:6.9.7.4+dfsg-11+deb9u7]
imagemagick-6-common/oldstable,oldstable 8:6.9.7.4+dfsg-11+deb9u12 all [upgradable from: 8:6.9.7.4+dfsg-11+deb9u7]
imagemagick-6.q16/oldstable 8:6.9.7.4+dfsg-11+deb9u12 amd64 [upgradable from: 8:6.9.7.4+dfsg-11+deb9u7]
iproute2/stretch-backports 4.20.0-2~bpo9+1 amd64 [upgradable from: 4.15.0-5]
krb5-locales/oldstable,oldstable 1.15-1+deb9u2 all [upgradable from: 1.15-1+deb9u1]
libapt-inst2.0/oldstable 1.4.11 amd64 [upgradable from: 1.4.9]
libapt-pkg5.0/oldstable 1.4.11 amd64 [upgradable from: 1.4.9]
libarchive-tools/oldstable,oldstable 3.2.2-2+deb9u2 amd64 [upgradable from: 3.2.2-2+deb9u1]
libarchive13/oldstable,oldstable 3.2.2-2+deb9u2 amd64 [upgradable from: 3.2.2-2+deb9u1]
libatrildocument3/oldstable 1.16.1-2+deb9u2 amd64 [upgradable from: 1.16.1-2+deb9u1]
libatrilview3/oldstable 1.16.1-2+deb9u2 amd64 [upgradable from: 1.16.1-2+deb9u1]
libavcodec57/oldstable 7:3.2.15-0+deb9u2 amd64 [upgradable from: 7:3.2.14-1~deb9u1]
libavfilter6/oldstable 7:3.2.15-0+deb9u2 amd64 [upgradable from: 7:3.2.14-1~deb9u1]
libavformat57/oldstable 7:3.2.15-0+deb9u2 amd64 [upgradable from: 7:3.2.14-1~deb9u1]
libavresample3/oldstable 7:3.2.15-0+deb9u2 amd64 [upgradable from: 7:3.2.14-1~deb9u1]
libavutil55/oldstable 7:3.2.15-0+deb9u2 amd64 [upgradable from: 7:3.2.14-1~deb9u1]
libbind9-140/oldstable 1:9.10.3.dfsg.P4-12.3+deb9u8 amd64 [upgradable from: 1:9.10.3.dfsg.P4-12.3+deb9u5]
libbluetooth3/oldstable 5.43-2+deb9u3 amd64 [upgradable from: 5.43-2+deb9u1]
libbsd0/oldstable 0.8.3-1+deb9u1 amd64 [upgradable from: 0.8.3-1]
libcaca0/oldstable 0.99.beta19-2.1~deb9u2 amd64 [upgradable from: 0.99.beta19-2+b2]
libcairo-gobject2/oldstable 1.14.8-1+deb9u1 amd64 [upgradable from: 1.14.8-1]
libcairo2/oldstable 1.14.8-1+deb9u1 amd64 [upgradable from: 1.14.8-1]
libcomerr2/oldstable 1.43.4-2+deb9u2 amd64 [upgradable from: 1.43.4-2]
libcups2/oldstable 2.2.1-8+deb9u6 amd64 [upgradable from: 2.2.1-8+deb9u3]
libcupsimage2/oldstable 2.2.1-8+deb9u6 amd64 [upgradable from: 2.2.1-8+deb9u3]
libcurl3/oldstable 7.52.1-5+deb9u13 amd64 [upgradable from: 7.52.1-5+deb9u9]
libcurl3-gnutls/oldstable 7.52.1-5+deb9u13 amd64 [upgradable from: 7.52.1-5+deb9u9]
libdbus-1-3/oldstable 1.10.32-0+deb9u1 amd64 [upgradable from: 1.10.28-0+deb9u1]
libdns-export162/oldstable 1:9.10.3.dfsg.P4-12.3+deb9u8 amd64 [upgradable from: 1:9.10.3.dfsg.P4-12.3+deb9u5]
libdns162/oldstable 1:9.10.3.dfsg.P4-12.3+deb9u8 amd64 [upgradable from: 1:9.10.3.dfsg.P4-12.3+deb9u5]
libebml4v5/oldstable 1.3.4-1+deb9u2 amd64 [upgradable from: 1.3.4-1]
libexif12/oldstable 0.6.21-2+deb9u5 amd64 [upgradable from: 0.6.21-2+b2]
libexpat1/oldstable,oldstable 2.2.0-2+deb9u3 amd64 [upgradable from: 2.2.0-2+deb9u1]
libexpat1-dev/oldstable,oldstable 2.2.0-2+deb9u3 amd64 [upgradable from: 2.2.0-2+deb9u1]
libfaad2/oldstable,oldstable 2.8.0~cvs20161113-1+deb9u2 amd64 [upgradable from: 2.8.0~cvs20161113-1+deb9u1]
libflac8/oldstable 1.3.2-2+deb9u1 amd64 [upgradable from: 1.3.2-1]
libfreetype6/oldstable 2.6.3-3.2+deb9u2 amd64 [upgradable from: 2.6.3-3.2]
libfreetype6-dev/oldstable 2.6.3-3.2+deb9u2 amd64 [upgradable from: 2.6.3-3.2]
libfribidi0/oldstable 0.19.7-1+deb9u1 amd64 [upgradable from: 0.19.7-1+b1]
libgd3/oldstable 2.2.4-2+deb9u5 amd64 [upgradable from: 2.2.4-2+deb9u4]
libglib2.0-0/oldstable 2.50.3-2+deb9u2 amd64 [upgradable from: 2.50.3-2]
libglib2.0-bin/oldstable 2.50.3-2+deb9u2 amd64 [upgradable from: 2.50.3-2]
libglib2.0-data/oldstable,oldstable 2.50.3-2+deb9u2 all [upgradable from: 2.50.3-2]
libgnutls30/oldstable 3.5.8-5+deb9u5 amd64 [upgradable from: 3.5.8-5+deb9u4]
libgs9/oldstable 9.26a~dfsg-0+deb9u7 amd64 [upgradable from: 9.26a~dfsg-0+deb9u3]
libgs9-common/oldstable,oldstable 9.26a~dfsg-0+deb9u7 all [upgradable from: 9.26a~dfsg-0+deb9u3]
libgssapi-krb5-2/oldstable 1.15-1+deb9u2 amd64 [upgradable from: 1.15-1+deb9u1]
libgssdp-1.0-3/oldstable 1.0.1-1+deb9u1 amd64 [upgradable from: 1.0.1-1]
libgstreamer-plugins-bad1.0-0/oldstable 1.10.4-1+deb9u2 amd64 [upgradable from: 1.10.4-1]
libgstreamer-plugins-base1.0-0/oldstable 1.10.4-1+deb9u2 amd64 [upgradable from: 1.10.4-1+deb9u1]
libgupnp-1.0-4/oldstable 1.0.1-1+deb9u1 amd64 [upgradable from: 1.0.1-1]
libicu-dev/oldstable,oldstable 57.1-6+deb9u4 amd64 [upgradable from: 57.1-6+deb9u2]
libicu57/oldstable,oldstable 57.1-6+deb9u4 amd64 [upgradable from: 57.1-6+deb9u2]
libidn11/oldstable 1.33-1+deb9u1 amd64 [upgradable from: 1.33-1]
libisc-export160/oldstable 1:9.10.3.dfsg.P4-12.3+deb9u8 amd64 [upgradable from: 1:9.10.3.dfsg.P4-12.3+deb9u5]
libisc160/oldstable 1:9.10.3.dfsg.P4-12.3+deb9u8 amd64 [upgradable from: 1:9.10.3.dfsg.P4-12.3+deb9u5]
libisccc140/oldstable 1:9.10.3.dfsg.P4-12.3+deb9u8 amd64 [upgradable from: 1:9.10.3.dfsg.P4-12.3+deb9u5]
libisccfg140/oldstable 1:9.10.3.dfsg.P4-12.3+deb9u8 amd64 [upgradable from: 1:9.10.3.dfsg.P4-12.3+deb9u5]
libjpeg-turbo-progs/oldstable 1:1.5.1-2+deb9u1 amd64 [upgradable from: 1:1.5.1-2]
libjpeg62-turbo/oldstable 1:1.5.1-2+deb9u1 amd64 [upgradable from: 1:1.5.1-2]
libjs-jquery/oldstable,oldstable 3.1.1-2+deb9u2 all [upgradable from: 3.1.1-2+deb9u1]
libjs-underscore/oldstable,oldstable 1.8.3~dfsg-1+deb9u1 all [upgradable from: 1.8.3~dfsg-1]
libk5crypto3/oldstable 1.15-1+deb9u2 amd64 [upgradable from: 1.15-1+deb9u1]
libkf5config-bin/oldstable,oldstable 5.28.0-2+deb9u1 amd64 [upgradable from: 5.28.0-2]
libkf5config-bin-dev/oldstable,oldstable 5.28.0-2+deb9u1 amd64 [upgradable from: 5.28.0-2]
libkf5config-data/oldstable,oldstable,oldstable,oldstable 5.28.0-2+deb9u1 all [upgradable from: 5.28.0-2]
libkf5config-dev/oldstable,oldstable 5.28.0-2+deb9u1 amd64 [upgradable from: 5.28.0-2]
libkf5configcore5/oldstable,oldstable 5.28.0-2+deb9u1 amd64 [upgradable from: 5.28.0-2]
libkf5configgui5/oldstable,oldstable 5.28.0-2+deb9u1 amd64 [upgradable from: 5.28.0-2]
libkrb5-3/oldstable 1.15-1+deb9u2 amd64 [upgradable from: 1.15-1+deb9u1]
libkrb5support0/oldstable 1.15-1+deb9u2 amd64 [upgradable from: 1.15-1+deb9u1]
libldap-2.4-2/oldstable 2.4.44+dfsg-5+deb9u8 amd64 [upgradable from: 2.4.44+dfsg-5+deb9u2]
libldap-common/oldstable,oldstable 2.4.44+dfsg-5+deb9u8 all [upgradable from: 2.4.44+dfsg-5+deb9u2]
libldb1/oldstable 2:1.1.27-1+deb9u2 amd64 [upgradable from: 2:1.1.27-1+deb9u1]
liblwres141/oldstable 1:9.10.3.dfsg.P4-12.3+deb9u8 amd64 [upgradable from: 1:9.10.3.dfsg.P4-12.3+deb9u5]
libmagic-mgc/oldstable,oldstable 1:5.30-1+deb9u3 amd64 [upgradable from: 1:5.30-1+deb9u2]
libmagic1/oldstable,oldstable 1:5.30-1+deb9u3 amd64 [upgradable from: 1:5.30-1+deb9u2]
libmagickcore-6.q16-3/oldstable 8:6.9.7.4+dfsg-11+deb9u12 amd64 [upgradable from: 8:6.9.7.4+dfsg-11+deb9u7]
libmagickcore-6.q16-3-extra/oldstable 8:6.9.7.4+dfsg-11+deb9u12 amd64 [upgradable from: 8:6.9.7.4+dfsg-11+deb9u7]
libmagickwand-6.q16-3/oldstable 8:6.9.7.4+dfsg-11+deb9u12 amd64 [upgradable from: 8:6.9.7.4+dfsg-11+deb9u7]
libmariadbclient18/oldstable 10.1.48-0+deb9u2 amd64 [upgradable from: 10.1.38-0+deb9u1]
libnghttp2-14/oldstable,oldstable 1.18.1-1+deb9u1 amd64 [upgradable from: 1.18.1-1]
libnss3/oldstable 2:3.26.2-1.1+deb9u2 amd64 [upgradable from: 2:3.26.2-1.1+deb9u1]
libopenexr22/oldstable 2.2.0-11+deb9u2 amd64 [upgradable from: 2.2.0-11+b1]
libopenjp2-7/oldstable 2.1.2-1.1+deb9u6 amd64 [upgradable from: 2.1.2-1.1+deb9u3]
libopenmpt-modplug1/oldstable 0.2.7386~beta20.3-3+deb9u4 amd64 [upgradable from: 0.2.7386~beta20.3-3+deb9u3]
libopenmpt0/oldstable 0.2.7386~beta20.3-3+deb9u4 amd64 [upgradable from: 0.2.7386~beta20.3-3+deb9u3]
libp11-kit0/oldstable 0.23.3-2+deb9u1 amd64 [upgradable from: 0.23.3-2]
libpam-systemd/oldstable 232-25+deb9u12 amd64 [upgradable from: 232-25+deb9u11]
libperl5.24/oldstable 5.24.1-3+deb9u7 amd64 [upgradable from: 5.24.1-3+deb9u5]
libpoppler-glib8/oldstable 0.48.0-2+deb9u4 amd64 [upgradable from: 0.48.0-2+deb9u2]
libpoppler64/oldstable 0.48.0-2+deb9u4 amd64 [upgradable from: 0.48.0-2+deb9u2]
libpostproc54/oldstable 7:3.2.15-0+deb9u2 amd64 [upgradable from: 7:3.2.14-1~deb9u1]
libproxy-tools/oldstable 0.4.14-2+deb9u2 amd64 [upgradable from: 0.4.14-2]
libproxy1v5/oldstable 0.4.14-2+deb9u2 amd64 [upgradable from: 0.4.14-2]
libpython2.7/oldstable 2.7.13-2+deb9u5 amd64 [upgradable from: 2.7.13-2+deb9u3]
libpython2.7-dev/oldstable 2.7.13-2+deb9u5 amd64 [upgradable from: 2.7.13-2+deb9u3]
libpython2.7-minimal/oldstable 2.7.13-2+deb9u5 amd64 [upgradable from: 2.7.13-2+deb9u3]
libpython2.7-stdlib/oldstable 2.7.13-2+deb9u5 amd64 [upgradable from: 2.7.13-2+deb9u3]
libpython3.5/oldstable 3.5.3-1+deb9u4 amd64 [upgradable from: 3.5.3-1+deb9u1]
libpython3.5-dev/oldstable 3.5.3-1+deb9u4 amd64 [upgradable from: 3.5.3-1+deb9u1]
libpython3.5-minimal/oldstable 3.5.3-1+deb9u4 amd64 [upgradable from: 3.5.3-1+deb9u1]
libpython3.5-stdlib/oldstable 3.5.3-1+deb9u4 amd64 [upgradable from: 3.5.3-1+deb9u1]
libqt5concurrent5/oldstable 5.7.1+dfsg-3+deb9u3 amd64 [upgradable from: 5.7.1+dfsg-3+deb9u1]
libqt5core5a/oldstable 5.7.1+dfsg-3+deb9u3 amd64 [upgradable from: 5.7.1+dfsg-3+deb9u1]
libqt5dbus5/oldstable 5.7.1+dfsg-3+deb9u3 amd64 [upgradable from: 5.7.1+dfsg-3+deb9u1]
libqt5gui5/oldstable 5.7.1+dfsg-3+deb9u3 amd64 [upgradable from: 5.7.1+dfsg-3+deb9u1]
libqt5network5/oldstable 5.7.1+dfsg-3+deb9u3 amd64 [upgradable from: 5.7.1+dfsg-3+deb9u1]
libqt5opengl5/oldstable 5.7.1+dfsg-3+deb9u3 amd64 [upgradable from: 5.7.1+dfsg-3+deb9u1]
libqt5opengl5-dev/oldstable 5.7.1+dfsg-3+deb9u3 amd64 [upgradable from: 5.7.1+dfsg-3+deb9u1]
libqt5printsupport5/oldstable 5.7.1+dfsg-3+deb9u3 amd64 [upgradable from: 5.7.1+dfsg-3+deb9u1]
libqt5sql5/oldstable 5.7.1+dfsg-3+deb9u3 amd64 [upgradable from: 5.7.1+dfsg-3+deb9u1]
libqt5sql5-sqlite/oldstable 5.7.1+dfsg-3+deb9u3 amd64 [upgradable from: 5.7.1+dfsg-3+deb9u1]
libqt5svg5/oldstable 5.7.1~20161021-2.1 amd64 [upgradable from: 5.7.1~20161021-2+b2]
libqt5svg5-dev/oldstable 5.7.1~20161021-2.1 amd64 [upgradable from: 5.7.1~20161021-2+b2]
libqt5test5/oldstable 5.7.1+dfsg-3+deb9u3 amd64 [upgradable from: 5.7.1+dfsg-3+deb9u1]
libqt5widgets5/oldstable 5.7.1+dfsg-3+deb9u3 amd64 [upgradable from: 5.7.1+dfsg-3+deb9u1]
libqt5xml5/oldstable 5.7.1+dfsg-3+deb9u3 amd64 [upgradable from: 5.7.1+dfsg-3+deb9u1]
librsvg2-2/oldstable 2.40.21-0+deb9u1 amd64 [upgradable from: 2.40.16-1+b1]
librsvg2-bin/oldstable 2.40.21-0+deb9u1 amd64 [upgradable from: 2.40.16-1+b1]
librsvg2-common/oldstable 2.40.21-0+deb9u1 amd64 [upgradable from: 2.40.16-1+b1]
libruby2.3/oldstable 2.3.3-1+deb9u9 amd64 [upgradable from: 2.3.3-1+deb9u6]
libsasl2-2/oldstable,oldstable 2.1.27~101-g0780600+dfsg-3+deb9u1 amd64 [upgradable from: 2.1.27~101-g0780600+dfsg-3]
libsasl2-modules/oldstable,oldstable 2.1.27~101-g0780600+dfsg-3+deb9u1 amd64 [upgradable from: 2.1.27~101-g0780600+dfsg-3]
libsasl2-modules-db/oldstable,oldstable 2.1.27~101-g0780600+dfsg-3+deb9u1 amd64 [upgradable from: 2.1.27~101-g0780600+dfsg-3]
libsdl-image1.2/oldstable 1.2.12-5+deb9u2 amd64 [upgradable from: 1.2.12-5+deb9u1]
libsmbclient/oldstable 2:4.5.16+dfsg-1+deb9u3 amd64 [upgradable from: 2:4.5.16+dfsg-1+deb9u2]
libsndfile1/oldstable 1.0.27-3+deb9u1 amd64 [upgradable from: 1.0.27-3]
libsqlite3-0/oldstable 3.16.2-5+deb9u3 amd64 [upgradable from: 3.16.2-5+deb9u1]
libss2/oldstable 1.43.4-2+deb9u2 amd64 [upgradable from: 1.43.4-2]
libssh-gcrypt-4/oldstable 0.7.3-2+deb9u3 amd64 [upgradable from: 0.7.3-2+deb9u2]
libssl1.0.2/oldstable 1.0.2u-1~deb9u4 amd64 [upgradable from: 1.0.2r-1~deb9u1]
libssl1.1/oldstable 1.1.0l-1~deb9u3 amd64 [upgradable from: 1.1.0j-1~deb9u1]
libswresample2/oldstable 7:3.2.15-0+deb9u2 amd64 [upgradable from: 7:3.2.14-1~deb9u1]
libswscale4/oldstable 7:3.2.15-0+deb9u2 amd64 [upgradable from: 7:3.2.14-1~deb9u1]
libsystemd0/oldstable 232-25+deb9u12 amd64 [upgradable from: 232-25+deb9u11]
libtiff5/oldstable,oldstable 4.0.8-2+deb9u5 amd64 [upgradable from: 4.0.8-2+deb9u4]
libtimedate-perl/oldstable,oldstable 2.3000-2+deb9u1 all [upgradable from: 2.3000-2]
libturbojpeg0/oldstable 1:1.5.1-2+deb9u1 amd64 [upgradable from: 1:1.5.1-2]
libudev1/oldstable 232-25+deb9u12 amd64 [upgradable from: 232-25+deb9u11]
libupnp6/oldstable 1:1.6.19+git20160116-1.2+deb9u1 amd64 [upgradable from: 1:1.6.19+git20160116-1.2]
libvlc-bin/oldstable,oldstable 3.0.11-0+deb9u1 amd64 [upgradable from: 3.0.7-0+deb9u1]
libvlc5/oldstable,oldstable 3.0.11-0+deb9u1 amd64 [upgradable from: 3.0.7-0+deb9u1]
libvlccore9/oldstable,oldstable 3.0.11-0+deb9u1 amd64 [upgradable from: 3.0.7-0+deb9u1]
libvpx4/oldstable,oldstable 1.6.1-3+deb9u2 amd64 [upgradable from: 1.6.1-3+deb9u1]
libwavpack1/oldstable 5.0.0-2+deb9u3 amd64 [upgradable from: 5.0.0-2+deb9u2]
libwbclient0/oldstable 2:4.5.16+dfsg-1+deb9u3 amd64 [upgradable from: 2:4.5.16+dfsg-1+deb9u2]
libx11-6/oldstable 2:1.6.4-3+deb9u3 amd64 [upgradable from: 2:1.6.4-3+deb9u1]
libx11-data/oldstable,oldstable 2:1.6.4-3+deb9u3 all [upgradable from: 2:1.6.4-3+deb9u1]
libx11-dev/oldstable 2:1.6.4-3+deb9u3 amd64 [upgradable from: 2:1.6.4-3+deb9u1]
libx11-doc/oldstable,oldstable 2:1.6.4-3+deb9u3 all [upgradable from: 2:1.6.4-3+deb9u1]
libx11-xcb-dev/oldstable 2:1.6.4-3+deb9u3 amd64 [upgradable from: 2:1.6.4-3+deb9u1]
libx11-xcb1/oldstable 2:1.6.4-3+deb9u3 amd64 [upgradable from: 2:1.6.4-3+deb9u1]
libxml2/oldstable 2.9.4+dfsg1-2.2+deb9u3 amd64 [upgradable from: 2.9.4+dfsg1-2.2+deb9u2]
libxml2-utils/oldstable 2.9.4+dfsg1-2.2+deb9u3 amd64 [upgradable from: 2.9.4+dfsg1-2.2+deb9u2]
libxslt1.1/oldstable 1.1.29-2.1+deb9u2 amd64 [upgradable from: 1.1.29-2.1]
libzmq5/oldstable 4.2.1-4+deb9u4 amd64 [upgradable from: 4.2.1-4+deb9u1]
linux-compiler-gcc-6-x86/oldstable 4.9.258-1 amd64 [upgradable from: 4.9.168-1+deb9u3]
linux-headers-amd64/oldstable 4.9+80+deb9u13 amd64 [upgradable from: 4.9+80+deb9u7]
linux-image-amd64/oldstable 4.9+80+deb9u13 amd64 [upgradable from: 4.9+80+deb9u7]
linux-kbuild-4.9/oldstable 4.9.258-1 amd64 [upgradable from: 4.9.168-1+deb9u3]
linux-libc-dev/oldstable 4.9.258-1 amd64 [upgradable from: 4.9.168-1+deb9u3]
login/oldstable 1:4.4-4.1+deb9u1 amd64 [upgradable from: 1:4.4-4.1]
nfs-common/oldstable 1:1.3.4-2.1+deb9u1 amd64 [upgradable from: 1:1.3.4-2.1]
openssh-client/oldstable 1:7.4p1-10+deb9u7 amd64 [upgradable from: 1:7.4p1-10+deb9u6]
openssh-server/oldstable 1:7.4p1-10+deb9u7 amd64 [upgradable from: 1:7.4p1-10+deb9u6]
openssh-sftp-server/oldstable 1:7.4p1-10+deb9u7 amd64 [upgradable from: 1:7.4p1-10+deb9u6]
openssl/oldstable 1.1.0l-1~deb9u3 amd64 [upgradable from: 1.1.0j-1~deb9u1]
p11-kit/oldstable 0.23.3-2+deb9u1 amd64 [upgradable from: 0.23.3-2]
p11-kit-modules/oldstable 0.23.3-2+deb9u1 amd64 [upgradable from: 0.23.3-2]
passwd/oldstable 1:4.4-4.1+deb9u1 amd64 [upgradable from: 1:4.4-4.1]
patch/oldstable,oldstable 2.7.5-1+deb9u2 amd64 [upgradable from: 2.7.5-1+deb9u1]
perl/oldstable 5.24.1-3+deb9u7 amd64 [upgradable from: 5.24.1-3+deb9u5]
perl-base/oldstable 5.24.1-3+deb9u7 amd64 [upgradable from: 5.24.1-3+deb9u5]
perl-modules-5.24/oldstable,oldstable 5.24.1-3+deb9u7 all [upgradable from: 5.24.1-3+deb9u5]
python-apt/oldstable 1.4.3 amd64 [upgradable from: 1.4.0~beta3]
python-apt-common/oldstable,oldstable 1.4.3 all [upgradable from: 1.4.0~beta3]
python-cryptography/oldstable 1.7.1-3+deb9u2 amd64 [upgradable from: 1.7.1-3+deb9u1]
python-imaging/oldstable,oldstable 4.0.0-4+deb9u2 all [upgradable from: 4.0.0-4]
python-ldb/oldstable 2:1.1.27-1+deb9u2 amd64 [upgradable from: 2:1.1.27-1+deb9u1]
python-pil/oldstable 4.0.0-4+deb9u2 amd64 [upgradable from: 4.0.0-4]
python-pip-whl/oldstable,oldstable 9.0.1-2+deb9u2 all [upgradable from: 9.0.1-2+deb9u1]
python-samba/oldstable 2:4.5.16+dfsg-1+deb9u3 amd64 [upgradable from: 2:4.5.16+dfsg-1+deb9u2]
python2.7/oldstable 2.7.13-2+deb9u5 amd64 [upgradable from: 2.7.13-2+deb9u3]
python2.7-dev/oldstable 2.7.13-2+deb9u5 amd64 [upgradable from: 2.7.13-2+deb9u3]
python2.7-minimal/oldstable 2.7.13-2+deb9u5 amd64 [upgradable from: 2.7.13-2+deb9u3]
python3-pil/oldstable 4.0.0-4+deb9u2 amd64 [upgradable from: 4.0.0-4+deb9u1]
python3-pip/oldstable,oldstable 9.0.1-2+deb9u2 all [upgradable from: 9.0.1-2+deb9u1]
python3.5/oldstable 3.5.3-1+deb9u4 amd64 [upgradable from: 3.5.3-1+deb9u1]
python3.5-dev/oldstable 3.5.3-1+deb9u4 amd64 [upgradable from: 3.5.3-1+deb9u1]
python3.5-minimal/oldstable 3.5.3-1+deb9u4 amd64 [upgradable from: 3.5.3-1+deb9u1]
qt5-default/oldstable 5.7.1+dfsg-3+deb9u3 amd64 [upgradable from: 5.7.1+dfsg-3+deb9u1]
qt5-gtk-platformtheme/oldstable 5.7.1+dfsg-3+deb9u3 amd64 [upgradable from: 5.7.1+dfsg-3+deb9u1]
qt5-qmake/oldstable 5.7.1+dfsg-3+deb9u3 amd64 [upgradable from: 5.7.1+dfsg-3+deb9u1]
qtbase5-dev/oldstable 5.7.1+dfsg-3+deb9u3 amd64 [upgradable from: 5.7.1+dfsg-3+deb9u1]
qtbase5-dev-tools/oldstable 5.7.1+dfsg-3+deb9u3 amd64 [upgradable from: 5.7.1+dfsg-3+deb9u1]
rake/oldstable,oldstable 10.5.0-2+deb9u1 all [upgradable from: 10.5.0-2]
ruby2.3/oldstable 2.3.3-1+deb9u9 amd64 [upgradable from: 2.3.3-1+deb9u6]
ruby2.3-dev/oldstable 2.3.3-1+deb9u9 amd64 [upgradable from: 2.3.3-1+deb9u6]
samba-common/oldstable,oldstable 2:4.5.16+dfsg-1+deb9u3 all [upgradable from: 2:4.5.16+dfsg-1+deb9u2]
samba-common-bin/oldstable 2:4.5.16+dfsg-1+deb9u3 amd64 [upgradable from: 2:4.5.16+dfsg-1+deb9u2]
samba-libs/oldstable 2:4.5.16+dfsg-1+deb9u3 amd64 [upgradable from: 2:4.5.16+dfsg-1+deb9u2]
spice-vdagent/oldstable 0.17.0-1+deb9u1 amd64 [upgradable from: 0.17.0-1]
sqlite3/oldstable 3.16.2-5+deb9u3 amd64 [upgradable from: 3.16.2-5+deb9u1]
ssh/oldstable,oldstable 1:7.4p1-10+deb9u7 all [upgradable from: 1:7.4p1-10+deb9u6]
sudo/oldstable 1.8.19p1-2.1+deb9u3 amd64 [upgradable from: 1.8.19p1-2.1]
systemd/oldstable 232-25+deb9u12 amd64 [upgradable from: 232-25+deb9u11]
systemd-sysv/oldstable 232-25+deb9u12 amd64 [upgradable from: 232-25+deb9u11]
tzdata/oldstable,oldstable 2021a-0+deb9u1 all [upgradable from: 2019a-0+deb9u1]
udev/oldstable 232-25+deb9u12 amd64 [upgradable from: 232-25+deb9u11]
unzip/oldstable 6.0-21+deb9u2 amd64 [upgradable from: 6.0-21+deb9u1]
usbutils/oldstable 1:007-4+deb9u1 amd64 [upgradable from: 1:007-4+b1]
vim-common/oldstable,oldstable,oldstable,oldstable 2:8.0.0197-4+deb9u3 all [upgradable from: 2:8.0.0197-4+deb9u2]
vim-tiny/oldstable,oldstable 2:8.0.0197-4+deb9u3 amd64 [upgradable from: 2:8.0.0197-4+deb9u2]
virtualbox-5.2/unknown 5.2.44-139111~Debian~stretch amd64 [upgradable from: 5.2.32-132073~Debian~stretch]
vlc-data/oldstable,oldstable,oldstable,oldstable 3.0.11-0+deb9u1 all [upgradable from: 3.0.7-0+deb9u1]
vlc-plugin-base/oldstable,oldstable 3.0.11-0+deb9u1 amd64 [upgradable from: 3.0.7-0+deb9u1]
vlc-plugin-video-output/oldstable,oldstable 3.0.11-0+deb9u1 amd64 [upgradable from: 3.0.7-0+deb9u1]
winbind/oldstable 2:4.5.16+dfsg-1+deb9u3 amd64 [upgradable from: 2:4.5.16+dfsg-1+deb9u2]
xdg-utils/oldstable,oldstable 1.1.1-1+deb9u2 all [upgradable from: 1.1.1-1+deb9u1]
xterm/oldstable 327-2+deb9u2 amd64 [upgradable from: 327-2]
xxd/oldstable,oldstable 2:8.0.0197-4+deb9u3 amd64 [upgradable from: 2:8.0.0197-4+deb9u2]
